<?xml version="1.0" encoding="UTF-8"?>
<testsuite xmlns:xsi="http://www.w3.org/2001/XMLSchema-instance" xsi:noNamespaceSchemaLocation="https://maven.apache.org/surefire/maven-surefire-plugin/xsd/surefire-test-report-3.0.xsd" version="3.0" name="tek.sdet.framework.runner.TestRunner" time="72.682" tests="7" errors="0" skipped="0" failures="0">
  <properties>
    <property name="java.specification.version" value="17"/>
    <property name="sun.cpu.isalist" value="amd64"/>
    <property name="sun.jnu.encoding" value="Cp1252"/>
    <property name="java.class.path" value="C:\Users\aaiqb\git\BddFramework\target\test-classes;C:\Users\aaiqb\git\BddFramework\target\classes;C:\Users\aaiqb\.m2\repository\io\cucumber\cucumber-java\7.8.0\cucumber-java-7.8.0.jar;C:\Users\aaiqb\.m2\repository\io\cucumber\cucumber-core\7.8.0\cucumber-core-7.8.0.jar;C:\Users\aaiqb\.m2\repository\io\cucumber\cucumber-gherkin\7.8.0\cucumber-gherkin-7.8.0.jar;C:\Users\aaiqb\.m2\repository\io\cucumber\cucumber-gherkin-messages\7.8.0\cucumber-gherkin-messages-7.8.0.jar;C:\Users\aaiqb\.m2\repository\io\cucumber\gherkin\24.0.0\gherkin-24.0.0.jar;C:\Users\aaiqb\.m2\repository\io\cucumber\messages\19.1.2\messages-19.1.2.jar;C:\Users\aaiqb\.m2\repository\io\cucumber\tag-expressions\4.1.0\tag-expressions-4.1.0.jar;C:\Users\aaiqb\.m2\repository\io\cucumber\cucumber-expressions\16.0.0\cucumber-expressions-16.0.0.jar;C:\Users\aaiqb\.m2\repository\io\cucumber\datatable\7.8.0\datatable-7.8.0.jar;C:\Users\aaiqb\.m2\repository\io\cucumber\cucumber-plugin\7.8.0\cucumber-plugin-7.8.0.jar;C:\Users\aaiqb\.m2\repository\io\cucumber\docstring\7.8.0\docstring-7.8.0.jar;C:\Users\aaiqb\.m2\repository\io\cucumber\html-formatter\20.1.0\html-formatter-20.1.0.jar;C:\Users\aaiqb\.m2\repository\io\cucumber\ci-environment\9.1.0\ci-environment-9.1.0.jar;C:\Users\aaiqb\.m2\repository\org\apiguardian\apiguardian-api\1.1.2\apiguardian-api-1.1.2.jar;C:\Users\aaiqb\.m2\repository\io\cucumber\cucumber-junit\7.8.0\cucumber-junit-7.8.0.jar;C:\Users\aaiqb\.m2\repository\junit\junit\4.13.2\junit-4.13.2.jar;C:\Users\aaiqb\.m2\repository\org\hamcrest\hamcrest-core\1.3\hamcrest-core-1.3.jar;C:\Users\aaiqb\.m2\repository\org\seleniumhq\selenium\selenium-java\4.4.0\selenium-java-4.4.0.jar;C:\Users\aaiqb\.m2\repository\org\seleniumhq\selenium\selenium-api\4.4.0\selenium-api-4.4.0.jar;C:\Users\aaiqb\.m2\repository\org\seleniumhq\selenium\selenium-chrome-driver\4.4.0\selenium-chrome-driver-4.4.0.jar;C:\Users\aaiqb\.m2\repository\com\google\auto\service\auto-service-annotations\1.0.1\auto-service-annotations-1.0.1.jar;C:\Users\aaiqb\.m2\repository\com\google\auto\service\auto-service\1.0.1\auto-service-1.0.1.jar;C:\Users\aaiqb\.m2\repository\com\google\auto\auto-common\1.2\auto-common-1.2.jar;C:\Users\aaiqb\.m2\repository\com\google\guava\guava\31.1-jre\guava-31.1-jre.jar;C:\Users\aaiqb\.m2\repository\com\google\guava\failureaccess\1.0.1\failureaccess-1.0.1.jar;C:\Users\aaiqb\.m2\repository\com\google\guava\listenablefuture\9999.0-empty-to-avoid-conflict-with-guava\listenablefuture-9999.0-empty-to-avoid-conflict-with-guava.jar;C:\Users\aaiqb\.m2\repository\com\google\code\findbugs\jsr305\3.0.2\jsr305-3.0.2.jar;C:\Users\aaiqb\.m2\repository\org\checkerframework\checker-qual\3.12.0\checker-qual-3.12.0.jar;C:\Users\aaiqb\.m2\repository\com\google\errorprone\error_prone_annotations\2.11.0\error_prone_annotations-2.11.0.jar;C:\Users\aaiqb\.m2\repository\com\google\j2objc\j2objc-annotations\1.3\j2objc-annotations-1.3.jar;C:\Users\aaiqb\.m2\repository\org\seleniumhq\selenium\selenium-chromium-driver\4.4.0\selenium-chromium-driver-4.4.0.jar;C:\Users\aaiqb\.m2\repository\org\seleniumhq\selenium\selenium-json\4.4.0\selenium-json-4.4.0.jar;C:\Users\aaiqb\.m2\repository\org\seleniumhq\selenium\selenium-devtools-v102\4.4.0\selenium-devtools-v102-4.4.0.jar;C:\Users\aaiqb\.m2\repository\org\seleniumhq\selenium\selenium-devtools-v103\4.4.0\selenium-devtools-v103-4.4.0.jar;C:\Users\aaiqb\.m2\repository\org\seleniumhq\selenium\selenium-devtools-v104\4.4.0\selenium-devtools-v104-4.4.0.jar;C:\Users\aaiqb\.m2\repository\org\seleniumhq\selenium\selenium-devtools-v85\4.4.0\selenium-devtools-v85-4.4.0.jar;C:\Users\aaiqb\.m2\repository\org\seleniumhq\selenium\selenium-edge-driver\4.4.0\selenium-edge-driver-4.4.0.jar;C:\Users\aaiqb\.m2\repository\org\seleniumhq\selenium\selenium-firefox-driver\4.4.0\selenium-firefox-driver-4.4.0.jar;C:\Users\aaiqb\.m2\repository\org\seleniumhq\selenium\selenium-ie-driver\4.4.0\selenium-ie-driver-4.4.0.jar;C:\Users\aaiqb\.m2\repository\org\seleniumhq\selenium\selenium-opera-driver\4.4.0\selenium-opera-driver-4.4.0.jar;C:\Users\aaiqb\.m2\repository\org\seleniumhq\selenium\selenium-remote-driver\4.4.0\selenium-remote-driver-4.4.0.jar;C:\Users\aaiqb\.m2\repository\com\beust\jcommander\1.82\jcommander-1.82.jar;C:\Users\aaiqb\.m2\repository\io\netty\netty-buffer\4.1.78.Final\netty-buffer-4.1.78.Final.jar;C:\Users\aaiqb\.m2\repository\io\netty\netty-codec-http\4.1.78.Final\netty-codec-http-4.1.78.Final.jar;C:\Users\aaiqb\.m2\repository\io\netty\netty-codec\4.1.78.Final\netty-codec-4.1.78.Final.jar;C:\Users\aaiqb\.m2\repository\io\netty\netty-handler\4.1.78.Final\netty-handler-4.1.78.Final.jar;C:\Users\aaiqb\.m2\repository\io\netty\netty-common\4.1.78.Final\netty-common-4.1.78.Final.jar;C:\Users\aaiqb\.m2\repository\io\netty\netty-transport-classes-epoll\4.1.78.Final\netty-transport-classes-epoll-4.1.78.Final.jar;C:\Users\aaiqb\.m2\repository\io\netty\netty-transport-classes-kqueue\4.1.78.Final\netty-transport-classes-kqueue-4.1.78.Final.jar;C:\Users\aaiqb\.m2\repository\io\netty\netty-transport-native-epoll\4.1.78.Final\netty-transport-native-epoll-4.1.78.Final.jar;C:\Users\aaiqb\.m2\repository\io\netty\netty-transport-native-kqueue\4.1.78.Final\netty-transport-native-kqueue-4.1.78.Final.jar;C:\Users\aaiqb\.m2\repository\io\netty\netty-transport-native-unix-common\4.1.78.Final\netty-transport-native-unix-common-4.1.78.Final.jar;C:\Users\aaiqb\.m2\repository\io\netty\netty-transport\4.1.78.Final\netty-transport-4.1.78.Final.jar;C:\Users\aaiqb\.m2\repository\io\netty\netty-resolver\4.1.78.Final\netty-resolver-4.1.78.Final.jar;C:\Users\aaiqb\.m2\repository\io\opentelemetry\opentelemetry-api\1.16.0\opentelemetry-api-1.16.0.jar;C:\Users\aaiqb\.m2\repository\io\opentelemetry\opentelemetry-context\1.16.0\opentelemetry-context-1.16.0.jar;C:\Users\aaiqb\.m2\repository\io\opentelemetry\opentelemetry-exporter-logging\1.16.0\opentelemetry-exporter-logging-1.16.0.jar;C:\Users\aaiqb\.m2\repository\io\opentelemetry\opentelemetry-sdk-metrics\1.16.0\opentelemetry-sdk-metrics-1.16.0.jar;C:\Users\aaiqb\.m2\repository\io\opentelemetry\opentelemetry-sdk-logs\1.16.0-alpha\opentelemetry-sdk-logs-1.16.0-alpha.jar;C:\Users\aaiqb\.m2\repository\io\opentelemetry\opentelemetry-sdk-common\1.16.0\opentelemetry-sdk-common-1.16.0.jar;C:\Users\aaiqb\.m2\repository\io\opentelemetry\opentelemetry-sdk-extension-autoconfigure-spi\1.16.0\opentelemetry-sdk-extension-autoconfigure-spi-1.16.0.jar;C:\Users\aaiqb\.m2\repository\io\opentelemetry\opentelemetry-sdk-extension-autoconfigure\1.16.0-alpha\opentelemetry-sdk-extension-autoconfigure-1.16.0-alpha.jar;C:\Users\aaiqb\.m2\repository\io\opentelemetry\opentelemetry-sdk-trace\1.16.0\opentelemetry-sdk-trace-1.16.0.jar;C:\Users\aaiqb\.m2\repository\io\opentelemetry\opentelemetry-sdk\1.16.0\opentelemetry-sdk-1.16.0.jar;C:\Users\aaiqb\.m2\repository\io\opentelemetry\opentelemetry-semconv\1.16.0-alpha\opentelemetry-semconv-1.16.0-alpha.jar;C:\Users\aaiqb\.m2\repository\io\ous\jtoml\2.0.0\jtoml-2.0.0.jar;C:\Users\aaiqb\.m2\repository\net\bytebuddy\byte-buddy\1.12.10\byte-buddy-1.12.10.jar;C:\Users\aaiqb\.m2\repository\org\apache\commons\commons-exec\1.3\commons-exec-1.3.jar;C:\Users\aaiqb\.m2\repository\org\asynchttpclient\async-http-client\2.12.3\async-http-client-2.12.3.jar;C:\Users\aaiqb\.m2\repository\org\asynchttpclient\async-http-client-netty-utils\2.12.3\async-http-client-netty-utils-2.12.3.jar;C:\Users\aaiqb\.m2\repository\io\netty\netty-codec-socks\4.1.60.Final\netty-codec-socks-4.1.60.Final.jar;C:\Users\aaiqb\.m2\repository\io\netty\netty-handler-proxy\4.1.60.Final\netty-handler-proxy-4.1.60.Final.jar;C:\Users\aaiqb\.m2\repository\io\netty\netty-transport-native-epoll\4.1.60.Final\netty-transport-native-epoll-4.1.60.Final-linux-x86_64.jar;C:\Users\aaiqb\.m2\repository\io\netty\netty-transport-native-kqueue\4.1.60.Final\netty-transport-native-kqueue-4.1.60.Final-osx-x86_64.jar;C:\Users\aaiqb\.m2\repository\org\reactivestreams\reactive-streams\1.0.3\reactive-streams-1.0.3.jar;C:\Users\aaiqb\.m2\repository\com\typesafe\netty\netty-reactive-streams\2.0.4\netty-reactive-streams-2.0.4.jar;C:\Users\aaiqb\.m2\repository\com\sun\activation\jakarta.activation\1.2.2\jakarta.activation-1.2.2.jar;C:\Users\aaiqb\.m2\repository\org\seleniumhq\selenium\selenium-http\4.4.0\selenium-http-4.4.0.jar;C:\Users\aaiqb\.m2\repository\dev\failsafe\failsafe\3.2.4\failsafe-3.2.4.jar;C:\Users\aaiqb\.m2\repository\org\seleniumhq\selenium\selenium-safari-driver\4.4.0\selenium-safari-driver-4.4.0.jar;C:\Users\aaiqb\.m2\repository\org\seleniumhq\selenium\selenium-support\4.4.0\selenium-support-4.4.0.jar;C:\Users\aaiqb\.m2\repository\io\github\bonigarcia\webdrivermanager\5.3.0\webdrivermanager-5.3.0.jar;C:\Users\aaiqb\.m2\repository\org\slf4j\slf4j-api\1.7.36\slf4j-api-1.7.36.jar;C:\Users\aaiqb\.m2\repository\com\google\code\gson\gson\2.9.1\gson-2.9.1.jar;C:\Users\aaiqb\.m2\repository\com\github\docker-java\docker-java\3.2.13\docker-java-3.2.13.jar;C:\Users\aaiqb\.m2\repository\com\github\docker-java\docker-java-core\3.2.13\docker-java-core-3.2.13.jar;C:\Users\aaiqb\.m2\repository\com\github\docker-java\docker-java-api\3.2.13\docker-java-api-3.2.13.jar;C:\Users\aaiqb\.m2\repository\com\fasterxml\jackson\core\jackson-annotations\2.10.3\jackson-annotations-2.10.3.jar;C:\Users\aaiqb\.m2\repository\com\fasterxml\jackson\core\jackson-databind\2.10.3\jackson-databind-2.10.3.jar;C:\Users\aaiqb\.m2\repository\com\fasterxml\jackson\core\jackson-core\2.10.3\jackson-core-2.10.3.jar;C:\Users\aaiqb\.m2\repository\org\bouncycastle\bcpkix-jdk15on\1.64\bcpkix-jdk15on-1.64.jar;C:\Users\aaiqb\.m2\repository\org\bouncycastle\bcprov-jdk15on\1.64\bcprov-jdk15on-1.64.jar;C:\Users\aaiqb\.m2\repository\org\slf4j\jcl-over-slf4j\1.7.30\jcl-over-slf4j-1.7.30.jar;C:\Users\aaiqb\.m2\repository\com\github\docker-java\docker-java-transport-httpclient5\3.2.13\docker-java-transport-httpclient5-3.2.13.jar;C:\Users\aaiqb\.m2\repository\com\github\docker-java\docker-java-transport\3.2.13\docker-java-transport-3.2.13.jar;C:\Users\aaiqb\.m2\repository\net\java\dev\jna\jna\5.8.0\jna-5.8.0.jar;C:\Users\aaiqb\.m2\repository\org\brotli\dec\0.1.2\dec-0.1.2.jar;C:\Users\aaiqb\.m2\repository\org\apache\commons\commons-lang3\3.12.0\commons-lang3-3.12.0.jar;C:\Users\aaiqb\.m2\repository\org\apache\httpcomponents\client5\httpclient5\5.1.3\httpclient5-5.1.3.jar;C:\Users\aaiqb\.m2\repository\org\apache\httpcomponents\core5\httpcore5\5.1.3\httpcore5-5.1.3.jar;C:\Users\aaiqb\.m2\repository\org\apache\httpcomponents\core5\httpcore5-h2\5.1.3\httpcore5-h2-5.1.3.jar;C:\Users\aaiqb\.m2\repository\org\apache\poi\poi\5.2.3\poi-5.2.3.jar;C:\Users\aaiqb\.m2\repository\commons-codec\commons-codec\1.15\commons-codec-1.15.jar;C:\Users\aaiqb\.m2\repository\org\apache\commons\commons-collections4\4.4\commons-collections4-4.4.jar;C:\Users\aaiqb\.m2\repository\org\apache\commons\commons-math3\3.6.1\commons-math3-3.6.1.jar;C:\Users\aaiqb\.m2\repository\com\zaxxer\SparseBitSet\1.2\SparseBitSet-1.2.jar;C:\Users\aaiqb\.m2\repository\org\apache\logging\log4j\log4j-api\2.18.0\log4j-api-2.18.0.jar;C:\Users\aaiqb\.m2\repository\org\apache\poi\poi-ooxml\5.2.3\poi-ooxml-5.2.3.jar;C:\Users\aaiqb\.m2\repository\org\apache\poi\poi-ooxml-lite\5.2.3\poi-ooxml-lite-5.2.3.jar;C:\Users\aaiqb\.m2\repository\org\apache\xmlbeans\xmlbeans\5.1.1\xmlbeans-5.1.1.jar;C:\Users\aaiqb\.m2\repository\org\apache\commons\commons-compress\1.21\commons-compress-1.21.jar;C:\Users\aaiqb\.m2\repository\com\github\virtuald\curvesapi\1.07\curvesapi-1.07.jar;C:\Users\aaiqb\.m2\repository\mysql\mysql-connector-java\8.0.30\mysql-connector-java-8.0.30.jar;C:\Users\aaiqb\.m2\repository\com\google\protobuf\protobuf-java\3.19.4\protobuf-java-3.19.4.jar;C:\Users\aaiqb\.m2\repository\commons-io\commons-io\2.11.0\commons-io-2.11.0.jar;C:\Users\aaiqb\.m2\repository\org\yaml\snakeyaml\1.33\snakeyaml-1.33.jar;C:\Users\aaiqb\.m2\repository\log4j\log4j\1.2.17\log4j-1.2.17.jar;C:\Users\aaiqb\.m2\repository\net\datafaker\datafaker\1.8.0\datafaker-1.8.0.jar;C:\Users\aaiqb\.m2\repository\com\github\mifmif\generex\1.0.2\generex-1.0.2.jar;C:\Users\aaiqb\.m2\repository\dk\brics\automaton\automaton\1.11-8\automaton-1.11-8.jar;"/>
    <property name="java.vm.vendor" value="Eclipse Adoptium"/>
    <property name="sun.arch.data.model" value="64"/>
    <property name="user.variant" value=""/>
    <property name="java.vendor.url" value="https://adoptium.net/"/>
    <property name="user.timezone" value="America/New_York"/>
    <property name="os.name" value="Windows 11"/>
    <property name="java.vm.specification.version" value="17"/>
    <property name="sun.java.launcher" value="SUN_STANDARD"/>
    <property name="user.country" value="US"/>
    <property name="sun.boot.library.path" value="C:\Users\aaiqb\.p2\pool\plugins\org.eclipse.justj.openjdk.hotspot.jre.full.win32.x86_64_17.0.7.v20230425-1502\jre\bin"/>
    <property name="sun.java.command" value="C:\Users\aaiqb\AppData\Local\Temp\surefire8644058275571571299\surefirebooter-20230725101500711_3.jar C:\Users\aaiqb\AppData\Local\Temp\surefire8644058275571571299 2023-07-25T10-15-00_461-jvmRun1 surefire-20230725101500711_1tmp surefire_0-20230725101500711_2tmp"/>
    <property name="jdk.debug" value="release"/>
    <property name="surefire.test.class.path" value="C:\Users\aaiqb\git\BddFramework\target\test-classes;C:\Users\aaiqb\git\BddFramework\target\classes;C:\Users\aaiqb\.m2\repository\io\cucumber\cucumber-java\7.8.0\cucumber-java-7.8.0.jar;C:\Users\aaiqb\.m2\repository\io\cucumber\cucumber-core\7.8.0\cucumber-core-7.8.0.jar;C:\Users\aaiqb\.m2\repository\io\cucumber\cucumber-gherkin\7.8.0\cucumber-gherkin-7.8.0.jar;C:\Users\aaiqb\.m2\repository\io\cucumber\cucumber-gherkin-messages\7.8.0\cucumber-gherkin-messages-7.8.0.jar;C:\Users\aaiqb\.m2\repository\io\cucumber\gherkin\24.0.0\gherkin-24.0.0.jar;C:\Users\aaiqb\.m2\repository\io\cucumber\messages\19.1.2\messages-19.1.2.jar;C:\Users\aaiqb\.m2\repository\io\cucumber\tag-expressions\4.1.0\tag-expressions-4.1.0.jar;C:\Users\aaiqb\.m2\repository\io\cucumber\cucumber-expressions\16.0.0\cucumber-expressions-16.0.0.jar;C:\Users\aaiqb\.m2\repository\io\cucumber\datatable\7.8.0\datatable-7.8.0.jar;C:\Users\aaiqb\.m2\repository\io\cucumber\cucumber-plugin\7.8.0\cucumber-plugin-7.8.0.jar;C:\Users\aaiqb\.m2\repository\io\cucumber\docstring\7.8.0\docstring-7.8.0.jar;C:\Users\aaiqb\.m2\repository\io\cucumber\html-formatter\20.1.0\html-formatter-20.1.0.jar;C:\Users\aaiqb\.m2\repository\io\cucumber\ci-environment\9.1.0\ci-environment-9.1.0.jar;C:\Users\aaiqb\.m2\repository\org\apiguardian\apiguardian-api\1.1.2\apiguardian-api-1.1.2.jar;C:\Users\aaiqb\.m2\repository\io\cucumber\cucumber-junit\7.8.0\cucumber-junit-7.8.0.jar;C:\Users\aaiqb\.m2\repository\junit\junit\4.13.2\junit-4.13.2.jar;C:\Users\aaiqb\.m2\repository\org\hamcrest\hamcrest-core\1.3\hamcrest-core-1.3.jar;C:\Users\aaiqb\.m2\repository\org\seleniumhq\selenium\selenium-java\4.4.0\selenium-java-4.4.0.jar;C:\Users\aaiqb\.m2\repository\org\seleniumhq\selenium\selenium-api\4.4.0\selenium-api-4.4.0.jar;C:\Users\aaiqb\.m2\repository\org\seleniumhq\selenium\selenium-chrome-driver\4.4.0\selenium-chrome-driver-4.4.0.jar;C:\Users\aaiqb\.m2\repository\com\google\auto\service\auto-service-annotations\1.0.1\auto-service-annotations-1.0.1.jar;C:\Users\aaiqb\.m2\repository\com\google\auto\service\auto-service\1.0.1\auto-service-1.0.1.jar;C:\Users\aaiqb\.m2\repository\com\google\auto\auto-common\1.2\auto-common-1.2.jar;C:\Users\aaiqb\.m2\repository\com\google\guava\guava\31.1-jre\guava-31.1-jre.jar;C:\Users\aaiqb\.m2\repository\com\google\guava\failureaccess\1.0.1\failureaccess-1.0.1.jar;C:\Users\aaiqb\.m2\repository\com\google\guava\listenablefuture\9999.0-empty-to-avoid-conflict-with-guava\listenablefuture-9999.0-empty-to-avoid-conflict-with-guava.jar;C:\Users\aaiqb\.m2\repository\com\google\code\findbugs\jsr305\3.0.2\jsr305-3.0.2.jar;C:\Users\aaiqb\.m2\repository\org\checkerframework\checker-qual\3.12.0\checker-qual-3.12.0.jar;C:\Users\aaiqb\.m2\repository\com\google\errorprone\error_prone_annotations\2.11.0\error_prone_annotations-2.11.0.jar;C:\Users\aaiqb\.m2\repository\com\google\j2objc\j2objc-annotations\1.3\j2objc-annotations-1.3.jar;C:\Users\aaiqb\.m2\repository\org\seleniumhq\selenium\selenium-chromium-driver\4.4.0\selenium-chromium-driver-4.4.0.jar;C:\Users\aaiqb\.m2\repository\org\seleniumhq\selenium\selenium-json\4.4.0\selenium-json-4.4.0.jar;C:\Users\aaiqb\.m2\repository\org\seleniumhq\selenium\selenium-devtools-v102\4.4.0\selenium-devtools-v102-4.4.0.jar;C:\Users\aaiqb\.m2\repository\org\seleniumhq\selenium\selenium-devtools-v103\4.4.0\selenium-devtools-v103-4.4.0.jar;C:\Users\aaiqb\.m2\repository\org\seleniumhq\selenium\selenium-devtools-v104\4.4.0\selenium-devtools-v104-4.4.0.jar;C:\Users\aaiqb\.m2\repository\org\seleniumhq\selenium\selenium-devtools-v85\4.4.0\selenium-devtools-v85-4.4.0.jar;C:\Users\aaiqb\.m2\repository\org\seleniumhq\selenium\selenium-edge-driver\4.4.0\selenium-edge-driver-4.4.0.jar;C:\Users\aaiqb\.m2\repository\org\seleniumhq\selenium\selenium-firefox-driver\4.4.0\selenium-firefox-driver-4.4.0.jar;C:\Users\aaiqb\.m2\repository\org\seleniumhq\selenium\selenium-ie-driver\4.4.0\selenium-ie-driver-4.4.0.jar;C:\Users\aaiqb\.m2\repository\org\seleniumhq\selenium\selenium-opera-driver\4.4.0\selenium-opera-driver-4.4.0.jar;C:\Users\aaiqb\.m2\repository\org\seleniumhq\selenium\selenium-remote-driver\4.4.0\selenium-remote-driver-4.4.0.jar;C:\Users\aaiqb\.m2\repository\com\beust\jcommander\1.82\jcommander-1.82.jar;C:\Users\aaiqb\.m2\repository\io\netty\netty-buffer\4.1.78.Final\netty-buffer-4.1.78.Final.jar;C:\Users\aaiqb\.m2\repository\io\netty\netty-codec-http\4.1.78.Final\netty-codec-http-4.1.78.Final.jar;C:\Users\aaiqb\.m2\repository\io\netty\netty-codec\4.1.78.Final\netty-codec-4.1.78.Final.jar;C:\Users\aaiqb\.m2\repository\io\netty\netty-handler\4.1.78.Final\netty-handler-4.1.78.Final.jar;C:\Users\aaiqb\.m2\repository\io\netty\netty-common\4.1.78.Final\netty-common-4.1.78.Final.jar;C:\Users\aaiqb\.m2\repository\io\netty\netty-transport-classes-epoll\4.1.78.Final\netty-transport-classes-epoll-4.1.78.Final.jar;C:\Users\aaiqb\.m2\repository\io\netty\netty-transport-classes-kqueue\4.1.78.Final\netty-transport-classes-kqueue-4.1.78.Final.jar;C:\Users\aaiqb\.m2\repository\io\netty\netty-transport-native-epoll\4.1.78.Final\netty-transport-native-epoll-4.1.78.Final.jar;C:\Users\aaiqb\.m2\repository\io\netty\netty-transport-native-kqueue\4.1.78.Final\netty-transport-native-kqueue-4.1.78.Final.jar;C:\Users\aaiqb\.m2\repository\io\netty\netty-transport-native-unix-common\4.1.78.Final\netty-transport-native-unix-common-4.1.78.Final.jar;C:\Users\aaiqb\.m2\repository\io\netty\netty-transport\4.1.78.Final\netty-transport-4.1.78.Final.jar;C:\Users\aaiqb\.m2\repository\io\netty\netty-resolver\4.1.78.Final\netty-resolver-4.1.78.Final.jar;C:\Users\aaiqb\.m2\repository\io\opentelemetry\opentelemetry-api\1.16.0\opentelemetry-api-1.16.0.jar;C:\Users\aaiqb\.m2\repository\io\opentelemetry\opentelemetry-context\1.16.0\opentelemetry-context-1.16.0.jar;C:\Users\aaiqb\.m2\repository\io\opentelemetry\opentelemetry-exporter-logging\1.16.0\opentelemetry-exporter-logging-1.16.0.jar;C:\Users\aaiqb\.m2\repository\io\opentelemetry\opentelemetry-sdk-metrics\1.16.0\opentelemetry-sdk-metrics-1.16.0.jar;C:\Users\aaiqb\.m2\repository\io\opentelemetry\opentelemetry-sdk-logs\1.16.0-alpha\opentelemetry-sdk-logs-1.16.0-alpha.jar;C:\Users\aaiqb\.m2\repository\io\opentelemetry\opentelemetry-sdk-common\1.16.0\opentelemetry-sdk-common-1.16.0.jar;C:\Users\aaiqb\.m2\repository\io\opentelemetry\opentelemetry-sdk-extension-autoconfigure-spi\1.16.0\opentelemetry-sdk-extension-autoconfigure-spi-1.16.0.jar;C:\Users\aaiqb\.m2\repository\io\opentelemetry\opentelemetry-sdk-extension-autoconfigure\1.16.0-alpha\opentelemetry-sdk-extension-autoconfigure-1.16.0-alpha.jar;C:\Users\aaiqb\.m2\repository\io\opentelemetry\opentelemetry-sdk-trace\1.16.0\opentelemetry-sdk-trace-1.16.0.jar;C:\Users\aaiqb\.m2\repository\io\opentelemetry\opentelemetry-sdk\1.16.0\opentelemetry-sdk-1.16.0.jar;C:\Users\aaiqb\.m2\repository\io\opentelemetry\opentelemetry-semconv\1.16.0-alpha\opentelemetry-semconv-1.16.0-alpha.jar;C:\Users\aaiqb\.m2\repository\io\ous\jtoml\2.0.0\jtoml-2.0.0.jar;C:\Users\aaiqb\.m2\repository\net\bytebuddy\byte-buddy\1.12.10\byte-buddy-1.12.10.jar;C:\Users\aaiqb\.m2\repository\org\apache\commons\commons-exec\1.3\commons-exec-1.3.jar;C:\Users\aaiqb\.m2\repository\org\asynchttpclient\async-http-client\2.12.3\async-http-client-2.12.3.jar;C:\Users\aaiqb\.m2\repository\org\asynchttpclient\async-http-client-netty-utils\2.12.3\async-http-client-netty-utils-2.12.3.jar;C:\Users\aaiqb\.m2\repository\io\netty\netty-codec-socks\4.1.60.Final\netty-codec-socks-4.1.60.Final.jar;C:\Users\aaiqb\.m2\repository\io\netty\netty-handler-proxy\4.1.60.Final\netty-handler-proxy-4.1.60.Final.jar;C:\Users\aaiqb\.m2\repository\io\netty\netty-transport-native-epoll\4.1.60.Final\netty-transport-native-epoll-4.1.60.Final-linux-x86_64.jar;C:\Users\aaiqb\.m2\repository\io\netty\netty-transport-native-kqueue\4.1.60.Final\netty-transport-native-kqueue-4.1.60.Final-osx-x86_64.jar;C:\Users\aaiqb\.m2\repository\org\reactivestreams\reactive-streams\1.0.3\reactive-streams-1.0.3.jar;C:\Users\aaiqb\.m2\repository\com\typesafe\netty\netty-reactive-streams\2.0.4\netty-reactive-streams-2.0.4.jar;C:\Users\aaiqb\.m2\repository\com\sun\activation\jakarta.activation\1.2.2\jakarta.activation-1.2.2.jar;C:\Users\aaiqb\.m2\repository\org\seleniumhq\selenium\selenium-http\4.4.0\selenium-http-4.4.0.jar;C:\Users\aaiqb\.m2\repository\dev\failsafe\failsafe\3.2.4\failsafe-3.2.4.jar;C:\Users\aaiqb\.m2\repository\org\seleniumhq\selenium\selenium-safari-driver\4.4.0\selenium-safari-driver-4.4.0.jar;C:\Users\aaiqb\.m2\repository\org\seleniumhq\selenium\selenium-support\4.4.0\selenium-support-4.4.0.jar;C:\Users\aaiqb\.m2\repository\io\github\bonigarcia\webdrivermanager\5.3.0\webdrivermanager-5.3.0.jar;C:\Users\aaiqb\.m2\repository\org\slf4j\slf4j-api\1.7.36\slf4j-api-1.7.36.jar;C:\Users\aaiqb\.m2\repository\com\google\code\gson\gson\2.9.1\gson-2.9.1.jar;C:\Users\aaiqb\.m2\repository\com\github\docker-java\docker-java\3.2.13\docker-java-3.2.13.jar;C:\Users\aaiqb\.m2\repository\com\github\docker-java\docker-java-core\3.2.13\docker-java-core-3.2.13.jar;C:\Users\aaiqb\.m2\repository\com\github\docker-java\docker-java-api\3.2.13\docker-java-api-3.2.13.jar;C:\Users\aaiqb\.m2\repository\com\fasterxml\jackson\core\jackson-annotations\2.10.3\jackson-annotations-2.10.3.jar;C:\Users\aaiqb\.m2\repository\com\fasterxml\jackson\core\jackson-databind\2.10.3\jackson-databind-2.10.3.jar;C:\Users\aaiqb\.m2\repository\com\fasterxml\jackson\core\jackson-core\2.10.3\jackson-core-2.10.3.jar;C:\Users\aaiqb\.m2\repository\org\bouncycastle\bcpkix-jdk15on\1.64\bcpkix-jdk15on-1.64.jar;C:\Users\aaiqb\.m2\repository\org\bouncycastle\bcprov-jdk15on\1.64\bcprov-jdk15on-1.64.jar;C:\Users\aaiqb\.m2\repository\org\slf4j\jcl-over-slf4j\1.7.30\jcl-over-slf4j-1.7.30.jar;C:\Users\aaiqb\.m2\repository\com\github\docker-java\docker-java-transport-httpclient5\3.2.13\docker-java-transport-httpclient5-3.2.13.jar;C:\Users\aaiqb\.m2\repository\com\github\docker-java\docker-java-transport\3.2.13\docker-java-transport-3.2.13.jar;C:\Users\aaiqb\.m2\repository\net\java\dev\jna\jna\5.8.0\jna-5.8.0.jar;C:\Users\aaiqb\.m2\repository\org\brotli\dec\0.1.2\dec-0.1.2.jar;C:\Users\aaiqb\.m2\repository\org\apache\commons\commons-lang3\3.12.0\commons-lang3-3.12.0.jar;C:\Users\aaiqb\.m2\repository\org\apache\httpcomponents\client5\httpclient5\5.1.3\httpclient5-5.1.3.jar;C:\Users\aaiqb\.m2\repository\org\apache\httpcomponents\core5\httpcore5\5.1.3\httpcore5-5.1.3.jar;C:\Users\aaiqb\.m2\repository\org\apache\httpcomponents\core5\httpcore5-h2\5.1.3\httpcore5-h2-5.1.3.jar;C:\Users\aaiqb\.m2\repository\org\apache\poi\poi\5.2.3\poi-5.2.3.jar;C:\Users\aaiqb\.m2\repository\commons-codec\commons-codec\1.15\commons-codec-1.15.jar;C:\Users\aaiqb\.m2\repository\org\apache\commons\commons-collections4\4.4\commons-collections4-4.4.jar;C:\Users\aaiqb\.m2\repository\org\apache\commons\commons-math3\3.6.1\commons-math3-3.6.1.jar;C:\Users\aaiqb\.m2\repository\com\zaxxer\SparseBitSet\1.2\SparseBitSet-1.2.jar;C:\Users\aaiqb\.m2\repository\org\apache\logging\log4j\log4j-api\2.18.0\log4j-api-2.18.0.jar;C:\Users\aaiqb\.m2\repository\org\apache\poi\poi-ooxml\5.2.3\poi-ooxml-5.2.3.jar;C:\Users\aaiqb\.m2\repository\org\apache\poi\poi-ooxml-lite\5.2.3\poi-ooxml-lite-5.2.3.jar;C:\Users\aaiqb\.m2\repository\org\apache\xmlbeans\xmlbeans\5.1.1\xmlbeans-5.1.1.jar;C:\Users\aaiqb\.m2\repository\org\apache\commons\commons-compress\1.21\commons-compress-1.21.jar;C:\Users\aaiqb\.m2\repository\com\github\virtuald\curvesapi\1.07\curvesapi-1.07.jar;C:\Users\aaiqb\.m2\repository\mysql\mysql-connector-java\8.0.30\mysql-connector-java-8.0.30.jar;C:\Users\aaiqb\.m2\repository\com\google\protobuf\protobuf-java\3.19.4\protobuf-java-3.19.4.jar;C:\Users\aaiqb\.m2\repository\commons-io\commons-io\2.11.0\commons-io-2.11.0.jar;C:\Users\aaiqb\.m2\repository\org\yaml\snakeyaml\1.33\snakeyaml-1.33.jar;C:\Users\aaiqb\.m2\repository\log4j\log4j\1.2.17\log4j-1.2.17.jar;C:\Users\aaiqb\.m2\repository\net\datafaker\datafaker\1.8.0\datafaker-1.8.0.jar;C:\Users\aaiqb\.m2\repository\com\github\mifmif\generex\1.0.2\generex-1.0.2.jar;C:\Users\aaiqb\.m2\repository\dk\brics\automaton\automaton\1.11-8\automaton-1.11-8.jar;"/>
    <property name="sun.cpu.endian" value="little"/>
    <property name="user.home" value="C:\Users\aaiqb"/>
    <property name="user.language" value="en"/>
    <property name="java.specification.vendor" value="Oracle Corporation"/>
    <property name="java.version.date" value="2023-04-18"/>
    <property name="java.home" value="C:\Users\aaiqb\.p2\pool\plugins\org.eclipse.justj.openjdk.hotspot.jre.full.win32.x86_64_17.0.7.v20230425-1502\jre"/>
    <property name="file.separator" value="\"/>
    <property name="style.color" value="always"/>
    <property name="basedir" value="C:\Users\aaiqb\git\BddFramework"/>
    <property name="java.vm.compressedOopsMode" value="Zero based"/>
    <property name="line.separator" value="&#10;"/>
    <property name="java.vm.specification.vendor" value="Oracle Corporation"/>
    <property name="java.specification.name" value="Java Platform API Specification"/>
    <property name="surefire.real.class.path" value="C:\Users\aaiqb\AppData\Local\Temp\surefire8644058275571571299\surefirebooter-20230725101500711_3.jar"/>
    <property name="user.script" value=""/>
    <property name="sun.management.compiler" value="HotSpot 64-Bit Tiered Compilers"/>
    <property name="java.runtime.version" value="17.0.7+7"/>
    <property name="user.name" value="aaiqb"/>
    <property name="path.separator" value=";"/>
    <property name="os.version" value="10.0"/>
    <property name="java.runtime.name" value="OpenJDK Runtime Environment"/>
    <property name="file.encoding" value="Cp1252"/>
    <property name="java.vm.name" value="OpenJDK 64-Bit Server VM"/>
    <property name="java.vendor.version" value="Temurin-17.0.7+7"/>
    <property name="localRepository" value="C:\Users\aaiqb\.m2\repository"/>
    <property name="java.vendor.url.bug" value="https://github.com/adoptium/adoptium-support/issues"/>
    <property name="java.io.tmpdir" value="C:\Users\aaiqb\AppData\Local\Temp\"/>
    <property name="java.version" value="17.0.7"/>
    <property name="user.dir" value="C:\Users\aaiqb\git\BddFramework"/>
    <property name="os.arch" value="amd64"/>
    <property name="java.vm.specification.name" value="Java Virtual Machine Specification"/>
    <property name="sun.os.patch.level" value="Service Pack 2"/>
    <property name="native.encoding" value="Cp1252"/>
    <property name="java.library.path" value="C:\Users\aaiqb\.p2\pool\plugins\org.eclipse.justj.openjdk.hotspot.jre.full.win32.x86_64_17.0.7.v20230425-1502\jre\bin;C:\WINDOWS\Sun\Java\bin;C:\WINDOWS\system32;C:\WINDOWS;C:/Users/aaiqb/.p2/pool/plugins/org.eclipse.justj.openjdk.hotspot.jre.full.win32.x86_64_17.0.7.v20230425-1502/jre/bin/server;C:/Users/aaiqb/.p2/pool/plugins/org.eclipse.justj.openjdk.hotspot.jre.full.win32.x86_64_17.0.7.v20230425-1502/jre/bin;C:\Program Files\Common Files\Oracle\Java\javapath;C:\Windows\system32;C:\Windows;C:\Windows\System32\Wbem;C:\Windows\System32\WindowsPowerShell\v1.0\;C:\Windows\System32\OpenSSH\;C:\Program Files (x86)\NVIDIA Corporation\PhysX\Common;C:\Program Files\NVIDIA Corporation\NVIDIA NvDLISR;C:\WINDOWS\system32;C:\WINDOWS;C:\WINDOWS\System32\Wbem;C:\WINDOWS\System32\WindowsPowerShell\v1.0\;C:\WINDOWS\System32\OpenSSH\;C:\Program Files\Java\jdk-11;C:\Users\aaiqb\Documents\WorkSpace\apache-maven-3.9.3\bin;C:\Program Files\Java\jdk-11\bin;C:\Program Files\Git\cmd;C:\Users\aaiqb\AppData\Local\Microsoft\WindowsApps;C:\Users\aaiqb\eclipse\java-2023-062\eclipse;;."/>
    <property name="java.vm.info" value="mixed mode"/>
    <property name="java.vendor" value="Eclipse Adoptium"/>
    <property name="java.vm.version" value="17.0.7+7"/>
    <property name="sun.io.unicode.encoding" value="UnicodeLittle"/>
    <property name="java.class.version" value="61.0"/>
  </properties>
  <testcase name="Verify user can search a product" classname="This feature is use for testing UI of Retail page" time="11.228">
    <system-out><![CDATA[
@JenkinsTriggerTest
Scenario: Verify user can search a product # features/RetailHome.feature:5
 INFO [main] (RetailSteps.java:28)- user is on retail website
 INFO [main] (RetailSteps.java:29)- Actual Title React App Equals  ExpectedTitle React App
  Given User is on retail website          # tek.sdet.framework.steps.RetailSteps.userIsOnRetailWebsite()
 INFO [main] (RetailSteps.java:37)- user searched for product pokemon
  When User search for "pokemon" product   # tek.sdet.framework.steps.RetailSteps.userSearchForProduct(java.lang.String)
 INFO [main] (RetailSteps.java:43)- the Product is displayed on home page
  Then The product should be displayed     # tek.sdet.framework.steps.RetailSteps.theProductShouldBeDisplayed()
]]></system-out>
    <system-err><![CDATA[SLF4J: Failed to load class "org.slf4j.impl.StaticLoggerBinder".
SLF4J: Defaulting to no-operation (NOP) logger implementation
SLF4J: See http://www.slf4j.org/codes.html#StaticLoggerBinder for further details.
ERROR StatusLogger Log4j2 could not find a logging implementation. Please add log4j-core to the classpath. Using SimpleLogger to log to the console...
1690294503630	geckodriver	INFO	Listening on 127.0.0.1:65333
1690294503845	mozrunner::runner	INFO	Running command: "C:\\Program Files\\Mozilla Firefox\\firefox.exe" "--marionette" "--remote-debugging-port" "54340" "--remote ... ow-origins" "http://localhost:54340/" "-no-remote" "-profile" "C:\\Users\\aaiqb\\AppData\\Local\\Temp\\rust_mozprofileQSz8Pw"
console.warn: services.settings: Ignoring preference override of remote settings server
console.warn: services.settings: Allow by setting MOZ_REMOTE_SETTINGS_DEVTOOLS=1 in the environment
1690294504095	Marionette	INFO	Marionette enabled
Dynamically enable window occlusion 0
1690294504147	Marionette	INFO	Listening on port 59503
WebDriver BiDi listening on ws://127.0.0.1:54340
Read port: 59503
1690294504282	RemoteAgent	WARN	TLS certificate errors will be ignored for this session
DevTools listening on ws://127.0.0.1:54340/devtools/browser/ab13b3c6-3be2-400c-aaa8-a4ddb63985bb
Jul 25, 2023 10:15:05 AM org.openqa.selenium.remote.ProtocolHandshake createSession
INFO: Detected upstream dialect: W3C
1690294512874	Marionette	INFO	Stopped listening on port 59503
Dynamically enable window occlusion 1
]]></system-err>
  </testcase>
  <testcase name="Verify Shop by Department sidebar" classname="This feature is use for testing UI of Retail page" time="10.65">
    <system-out><![CDATA[
@JenkinsTriggerTest
Scenario: Verify Shop by Department sidebar                    # features/RetailHome.feature:11
 INFO [main] (RetailSteps.java:28)- user is on retail website
 INFO [main] (RetailSteps.java:29)- Actual Title React App Equals  ExpectedTitle React App
  Given User is on retail website                              # tek.sdet.framework.steps.RetailSteps.userIsOnRetailWebsite()
 INFO [main] (RetailSteps.java:50)- user clicked on All section
  When User click on All section                               # tek.sdet.framework.steps.RetailSteps.userClickOnAllSection()
 INFO [main] (RetailSteps.java:62)- Electronics is equal to Electronics
 INFO [main] (RetailSteps.java:62)- Computers is equal to Computers
 INFO [main] (RetailSteps.java:62)- Smart Home is equal to Smart Home
 INFO [main] (RetailSteps.java:62)- Sports is equal to Sports
 INFO [main] (RetailSteps.java:62)- Automative is equal to Automative
  Then below options are present in shop by department sidebar # tek.sdet.framework.steps.RetailSteps.belowOptionsArePresentInShopByDepartmentSidebar(io.cucumber.datatable.DataTable)
    | Electronics | Computers | Smart Home | Sports | Automative |
]]></system-out>
    <system-err><![CDATA[1690294513918	geckodriver	INFO	Listening on 127.0.0.1:58248
1690294513934	mozrunner::runner	INFO	Running command: "C:\\Program Files\\Mozilla Firefox\\firefox.exe" "--marionette" "--remote-debugging-port" "55789" "--remote ... ow-origins" "http://localhost:55789/" "-no-remote" "-profile" "C:\\Users\\aaiqb\\AppData\\Local\\Temp\\rust_mozprofile8V7d5v"
console.warn: services.settings: Ignoring preference override of remote settings server
console.warn: services.settings: Allow by setting MOZ_REMOTE_SETTINGS_DEVTOOLS=1 in the environment
1690294514174	Marionette	INFO	Marionette enabled
Dynamically enable window occlusion 0
1690294514223	Marionette	INFO	Listening on port 59562
WebDriver BiDi listening on ws://127.0.0.1:55789
Read port: 59562
1690294514351	RemoteAgent	WARN	TLS certificate errors will be ignored for this session
DevTools listening on ws://127.0.0.1:55789/devtools/browser/d2e29135-8b5a-460d-86b9-f9a248ab72b2
Jul 25, 2023 10:15:15 AM org.openqa.selenium.remote.ProtocolHandshake createSession
INFO: Detected upstream dialect: W3C
1690294523572	Marionette	INFO	Stopped listening on port 59562
Dynamically enable window occlusion 1
]]></system-err>
  </testcase>
  <testcase name="Verify Department sidebar options #1" classname="This feature is use for testing UI of Retail page" time="10.691">
    <system-out><![CDATA[
@JenkinsTriggerTest
Scenario Outline: Verify Department sidebar options # features/RetailHome.feature:27
 INFO [main] (RetailSteps.java:28)- user is on retail website
 INFO [main] (RetailSteps.java:29)- Actual Title React App Equals  ExpectedTitle React App
  Given User is on retail website                   # tek.sdet.framework.steps.RetailSteps.userIsOnRetailWebsite()
 INFO [main] (RetailSteps.java:50)- user clicked on All section
  When User click on All section                    # tek.sdet.framework.steps.RetailSteps.userClickOnAllSection()
  And User on 'Electronics'                         # tek.sdet.framework.steps.RetailSteps.userOnElectronics(java.lang.String)
 INFO [main] (RetailSteps.java:100)- TV & Video is present 
 INFO [main] (RetailSteps.java:100)- Video Games is present 
  Then below options are present in department      # tek.sdet.framework.steps.RetailSteps.belowOptionsArePresentInDepartment(io.cucumber.datatable.DataTable)
    | TV & Video | Video Games |
]]></system-out>
    <system-err><![CDATA[1690294524505	geckodriver	INFO	Listening on 127.0.0.1:54767
1690294524520	mozrunner::runner	INFO	Running command: "C:\\Program Files\\Mozilla Firefox\\firefox.exe" "--marionette" "--remote-debugging-port" "55135" "--remote ... ow-origins" "http://localhost:55135/" "-no-remote" "-profile" "C:\\Users\\aaiqb\\AppData\\Local\\Temp\\rust_mozprofileiG99sC"
console.warn: services.settings: Ignoring preference override of remote settings server
console.warn: services.settings: Allow by setting MOZ_REMOTE_SETTINGS_DEVTOOLS=1 in the environment
1690294524756	Marionette	INFO	Marionette enabled
Dynamically enable window occlusion 0
1690294524806	Marionette	INFO	Listening on port 59640
WebDriver BiDi listening on ws://127.0.0.1:55135
Read port: 59640
1690294524932	RemoteAgent	WARN	TLS certificate errors will be ignored for this session
DevTools listening on ws://127.0.0.1:55135/devtools/browser/3adbb449-9272-4fd2-bcb3-1e7a9b667c28
Jul 25, 2023 10:15:25 AM org.openqa.selenium.remote.ProtocolHandshake createSession
INFO: Detected upstream dialect: W3C
1690294534254	Marionette	INFO	Stopped listening on port 59640
Dynamically enable window occlusion 1
]]></system-err>
  </testcase>
  <testcase name="Verify Department sidebar options #2" classname="This feature is use for testing UI of Retail page" time="9.793">
    <system-out><![CDATA[
@JenkinsTriggerTest
Scenario Outline: Verify Department sidebar options # features/RetailHome.feature:28
 INFO [main] (RetailSteps.java:28)- user is on retail website
 INFO [main] (RetailSteps.java:29)- Actual Title React App Equals  ExpectedTitle React App
  Given User is on retail website                   # tek.sdet.framework.steps.RetailSteps.userIsOnRetailWebsite()
 INFO [main] (RetailSteps.java:50)- user clicked on All section
  When User click on All section                    # tek.sdet.framework.steps.RetailSteps.userClickOnAllSection()
  And User on 'Computers'                           # tek.sdet.framework.steps.RetailSteps.userOnElectronics(java.lang.String)
 INFO [main] (RetailSteps.java:100)- Accessories is present 
 INFO [main] (RetailSteps.java:100)- Networking is present 
  Then below options are present in department      # tek.sdet.framework.steps.RetailSteps.belowOptionsArePresentInDepartment(io.cucumber.datatable.DataTable)
    | Accessories | Networking |
]]></system-out>
    <system-err><![CDATA[1690294535267	geckodriver	INFO	Listening on 127.0.0.1:63486
1690294535292	mozrunner::runner	INFO	Running command: "C:\\Program Files\\Mozilla Firefox\\firefox.exe" "--marionette" "--remote-debugging-port" "54066" "--remote ... ow-origins" "http://localhost:54066/" "-no-remote" "-profile" "C:\\Users\\aaiqb\\AppData\\Local\\Temp\\rust_mozprofileMrFBxi"
console.warn: services.settings: Ignoring preference override of remote settings server
console.warn: services.settings: Allow by setting MOZ_REMOTE_SETTINGS_DEVTOOLS=1 in the environment
1690294535548	Marionette	INFO	Marionette enabled
Dynamically enable window occlusion 0
1690294535602	Marionette	INFO	Listening on port 59709
WebDriver BiDi listening on ws://127.0.0.1:54066
Read port: 59709
1690294535725	RemoteAgent	WARN	TLS certificate errors will be ignored for this session
DevTools listening on ws://127.0.0.1:54066/devtools/browser/02fc47a0-03ee-4d34-92da-6ec21bc15a2d
Jul 25, 2023 10:15:36 AM org.openqa.selenium.remote.ProtocolHandshake createSession
INFO: Detected upstream dialect: W3C
1690294544028	Marionette	INFO	Stopped listening on port 59709
Dynamically enable window occlusion 1
]]></system-err>
  </testcase>
  <testcase name="Verify Department sidebar options #3" classname="This feature is use for testing UI of Retail page" time="11.218">
    <system-out><![CDATA[
@JenkinsTriggerTest
Scenario Outline: Verify Department sidebar options # features/RetailHome.feature:29
 INFO [main] (RetailSteps.java:28)- user is on retail website
 INFO [main] (RetailSteps.java:29)- Actual Title React App Equals  ExpectedTitle React App
  Given User is on retail website                   # tek.sdet.framework.steps.RetailSteps.userIsOnRetailWebsite()
 INFO [main] (RetailSteps.java:50)- user clicked on All section
  When User click on All section                    # tek.sdet.framework.steps.RetailSteps.userClickOnAllSection()
  And User on 'Smart Home'                          # tek.sdet.framework.steps.RetailSteps.userOnElectronics(java.lang.String)
 INFO [main] (RetailSteps.java:100)- Smart Home Lightning is present 
 INFO [main] (RetailSteps.java:100)- Plugs and Outlets is present 
  Then below options are present in department      # tek.sdet.framework.steps.RetailSteps.belowOptionsArePresentInDepartment(io.cucumber.datatable.DataTable)
    | Smart Home Lightning | Plugs and Outlets |
]]></system-out>
    <system-err><![CDATA[1690294545014	geckodriver	INFO	Listening on 127.0.0.1:52025
1690294545029	mozrunner::runner	INFO	Running command: "C:\\Program Files\\Mozilla Firefox\\firefox.exe" "--marionette" "--remote-debugging-port" "55965" "--remote ... ow-origins" "http://localhost:55965/" "-no-remote" "-profile" "C:\\Users\\aaiqb\\AppData\\Local\\Temp\\rust_mozprofile37fYOu"
console.warn: services.settings: Ignoring preference override of remote settings server
console.warn: services.settings: Allow by setting MOZ_REMOTE_SETTINGS_DEVTOOLS=1 in the environment
1690294545288	Marionette	INFO	Marionette enabled
Dynamically enable window occlusion 0
1690294545342	Marionette	INFO	Listening on port 59784
WebDriver BiDi listening on ws://127.0.0.1:55965
Read port: 59784
1690294545469	RemoteAgent	WARN	TLS certificate errors will be ignored for this session
DevTools listening on ws://127.0.0.1:55965/devtools/browser/c74f21bd-9f7d-49b0-ae20-61d83614d8cd
Jul 25, 2023 10:15:46 AM org.openqa.selenium.remote.ProtocolHandshake createSession
INFO: Detected upstream dialect: W3C
1690294555269	Marionette	INFO	Stopped listening on port 59784
Dynamically enable window occlusion 1
]]></system-err>
  </testcase>
  <testcase name="Verify Department sidebar options #4" classname="This feature is use for testing UI of Retail page" time="8.249">
    <system-out><![CDATA[
@JenkinsTriggerTest
Scenario Outline: Verify Department sidebar options # features/RetailHome.feature:30
 INFO [main] (RetailSteps.java:28)- user is on retail website
 INFO [main] (RetailSteps.java:29)- Actual Title React App Equals  ExpectedTitle React App
  Given User is on retail website                   # tek.sdet.framework.steps.RetailSteps.userIsOnRetailWebsite()
 INFO [main] (RetailSteps.java:50)- user clicked on All section
  When User click on All section                    # tek.sdet.framework.steps.RetailSteps.userClickOnAllSection()
  And User on 'Sports'                              # tek.sdet.framework.steps.RetailSteps.userOnElectronics(java.lang.String)
 INFO [main] (RetailSteps.java:100)- Athletic Clothing is present 
 INFO [main] (RetailSteps.java:100)- Exercise & Fitness is present 
  Then below options are present in department      # tek.sdet.framework.steps.RetailSteps.belowOptionsArePresentInDepartment(io.cucumber.datatable.DataTable)
    | Athletic Clothing | Exercise & Fitness |
]]></system-out>
    <system-err><![CDATA[1690294556278	geckodriver	INFO	Listening on 127.0.0.1:49422
1690294556302	mozrunner::runner	INFO	Running command: "C:\\Program Files\\Mozilla Firefox\\firefox.exe" "--marionette" "--remote-debugging-port" "56523" "--remote ... ow-origins" "http://localhost:56523/" "-no-remote" "-profile" "C:\\Users\\aaiqb\\AppData\\Local\\Temp\\rust_mozprofilen2UN4k"
console.warn: services.settings: Ignoring preference override of remote settings server
console.warn: services.settings: Allow by setting MOZ_REMOTE_SETTINGS_DEVTOOLS=1 in the environment
1690294556557	Marionette	INFO	Marionette enabled
Dynamically enable window occlusion 0
1690294556611	Marionette	INFO	Listening on port 59853
WebDriver BiDi listening on ws://127.0.0.1:56523
Read port: 59853
1690294556741	RemoteAgent	WARN	TLS certificate errors will be ignored for this session
DevTools listening on ws://127.0.0.1:56523/devtools/browser/639c2efa-bdd4-4ee7-bfcb-9f13627f14b1
Jul 25, 2023 10:15:57 AM org.openqa.selenium.remote.ProtocolHandshake createSession
INFO: Detected upstream dialect: W3C
1690294563512	Marionette	INFO	Stopped listening on port 59853
Dynamically enable window occlusion 1
]]></system-err>
  </testcase>
  <testcase name="Verify Department sidebar options #5" classname="This feature is use for testing UI of Retail page" time="10.158">
    <system-out><![CDATA[
@JenkinsTriggerTest
Scenario Outline: Verify Department sidebar options # features/RetailHome.feature:31
 INFO [main] (RetailSteps.java:28)- user is on retail website
 INFO [main] (RetailSteps.java:29)- Actual Title React App Equals  ExpectedTitle React App
  Given User is on retail website                   # tek.sdet.framework.steps.RetailSteps.userIsOnRetailWebsite()
 INFO [main] (RetailSteps.java:50)- user clicked on All section
  When User click on All section                    # tek.sdet.framework.steps.RetailSteps.userClickOnAllSection()
  And User on 'Automative'                          # tek.sdet.framework.steps.RetailSteps.userOnElectronics(java.lang.String)
 INFO [main] (RetailSteps.java:100)- Automative Parts & Accessories is present 
 INFO [main] (RetailSteps.java:100)- MotorCycle & Powersports is present 
  Then below options are present in department      # tek.sdet.framework.steps.RetailSteps.belowOptionsArePresentInDepartment(io.cucumber.datatable.DataTable)
    | Automative Parts & Accessories | MotorCycle & Powersports |
]]></system-out>
    <system-err><![CDATA[1690294564503	geckodriver	INFO	Listening on 127.0.0.1:54587
1690294564520	mozrunner::runner	INFO	Running command: "C:\\Program Files\\Mozilla Firefox\\firefox.exe" "--marionette" "--remote-debugging-port" "56101" "--remote ... ow-origins" "http://localhost:56101/" "-no-remote" "-profile" "C:\\Users\\aaiqb\\AppData\\Local\\Temp\\rust_mozprofileNVlLz4"
console.warn: services.settings: Ignoring preference override of remote settings server
console.warn: services.settings: Allow by setting MOZ_REMOTE_SETTINGS_DEVTOOLS=1 in the environment
1690294564768	Marionette	INFO	Marionette enabled
Dynamically enable window occlusion 0
1690294564818	Marionette	INFO	Listening on port 59931
WebDriver BiDi listening on ws://127.0.0.1:56101
Read port: 59931
1690294564948	RemoteAgent	WARN	TLS certificate errors will be ignored for this session
DevTools listening on ws://127.0.0.1:56101/devtools/browser/bd36bf7e-27bd-4300-884b-f715da681887
Jul 25, 2023 10:16:05 AM org.openqa.selenium.remote.ProtocolHandshake createSession
INFO: Detected upstream dialect: W3C
1690294573679	Marionette	INFO	Stopped listening on port 59931
Dynamically enable window occlusion 1
]]></system-err>
  </testcase>
</testsuite>